<?xml version="1.0" encoding="UTF-8"?>
<!-- Generated by org.testng.reporters.JUnitReportReporter -->
<testsuite hostname="DESKTOP-78LO81S" failures="0" tests="2" name="fb.FbLogin" time="56.568" errors="0" timestamp="2023-10-07T13:41:08 IST" skipped="0">
  <testcase classname="fb.FbLogin" name="browser" time="14.914"/>
  <system-out/>
  <testcase classname="fb.FbLogin" name="login" time="41.654"/>
  <system-out/>
</testsuite> <!-- fb.FbLogin -->
